android/proguard/seeds.txt
ui.story.lemoon.android.AndroidLauncher
ui.story.lemoon.android.AndroidLauncher: AndroidLauncher()
ui.story.lemoon.android.R$drawable: int ic_launcher
ui.story.lemoon.android.R$string: int app_name
ui.story.lemoon.android.R$style: int GdxTheme
...
com.badlogic.gdx.Application$ApplicationType: com.badlogic.gdx.Application$ApplicationType[] values()
com.badlogic.gdx.Application$ApplicationType: com.badlogic.gdx.Application$ApplicationType valueOf(java.lang.String)
com.badlogic.gdx.Files$FileType: com.badlogic.gdx.Files$FileType[] values()
com.badlogic.gdx.Files$FileType: com.badlogic.gdx.Files$FileType valueOf(java.lang.String)
com.badlogic.gdx.Graphics$GraphicsType: com.badlogic.gdx.Graphics$GraphicsType[] values()
com.badlogic.gdx.Graphics$GraphicsType: com.badlogic.gdx.Graphics$GraphicsType valueOf(java.lang.String)
com.badlogic.gdx.Input$Orientation: com.badlogic.gdx.Input$Orientation[] values()
com.badlogic.gdx.Input$Orientation: com.badlogic.gdx.Input$Orientation valueOf(java.lang.String)
com.badlogic.gdx.Input$Peripheral: com.badlogic.gdx.Input$Peripheral[] values()
com.badlogic.gdx.Input$Peripheral: com.badlogic.gdx.Input$Peripheral valueOf(java.lang.String)
com.badlogic.gdx.Net$Protocol: com.badlogic.gdx.Net$Protocol[] values()
com.badlogic.gdx.Net$Protocol: com.badlogic.gdx.Net$Protocol valueOf(java.lang.String)
com.badlogic.gdx.backends.android.AndroidApplication: AndroidApplication()
com.badlogic.gdx.backends.android.AndroidGL20
com.badlogic.gdx.backends.android.AndroidGL20: void init()
com.badlogic.gdx.backends.android.AndroidGL20: void glActiveTexture(int)
com.badlogic.gdx.backends.android.AndroidGL20: void glAttachShader(int,int)
com.badlogic.gdx.backends.android.AndroidGL20: void glBindAttribLocation(int,int,java.lang.String)
com.badlogic.gdx.backends.android.AndroidGL20: void glBindBuffer(int,int)
com.badlogic.gdx.backends.android.AndroidGL20: void glBindFramebuffer(int,int)
com.badlogic.gdx.backends.android.AndroidGL20: void glBindRenderbuffer(int,int)
com.badlogic.gdx.backends.android.AndroidGL20: void glBindTexture(int,int)
com.badlogic.gdx.backends.android.AndroidGL20: void glBlendColor(float,float,float,float)
com.badlogic.gdx.backends.android.AndroidGL20: void glBlendEquation(int)
com.badlogic.gdx.backends.android.AndroidGL20: void glBlendEquationSeparate(int,int)
com.badlogic.gdx.backends.android.AndroidGL20: void glBlendFunc(int,int)
com.badlogic.gdx.backends.android.AndroidGL20: void glBlendFuncSeparate(int,int,int,int)
com.badlogic.gdx.backends.android.AndroidGL20: void glBufferData(int,int,java.nio.Buffer,int)
com.badlogic.gdx.backends.android.AndroidGL20: void glBufferSubData(int,int,int,java.nio.Buffer)
com.badlogic.gdx.backends.android.AndroidGL20: int glCheckFramebufferStatus(int)
com.badlogic.gdx.backends.android.AndroidGL20: void glClear(int)
com.badlogic.gdx.backends.android.AndroidGL20: void glClearColor(float,float,float,float)
com.badlogic.gdx.backends.android.AndroidInput: AndroidInput(com.badlogic.gdx.Application,android.content.Context,java.lang.Object,com.badlogic.gdx.backends.android.AndroidApplicationConfiguration)
com.badlogic.gdx.backends.android.AndroidInputThreePlus: AndroidInputThreePlus(com.badlogic.gdx.Application,android.content.Context,java.lang.Object,com.badlogic.gdx.backends.android.AndroidApplicationConfiguration)