android/proguard/mapping.txt
ui.story.lemoon.android.AndroidLauncher -> ui.story.lemoon.android.AndroidLauncher:
    android.os.Handler handler -> v
    java.lang.Runnable runnable -> w
    ui.story.lemoon.android.NetworkStateReceiver networkStateReceiver -> o
    int EVENT_NEW_ACTIVITY -> p
    int EVENT_UNKOWN -> q
    int EVENT_SCREEN_OFF -> r
    int mEventType -> s
    ui.story.lemoon.android.AndroidLauncher$MyReceiver myReceiver -> t
    boolean mBConnected -> u
    void onCreate(android.os.Bundle) -> onCreate
    void onSaveInstanceState(android.os.Bundle) -> onSaveInstanceState
    void onPause() -> onPause
    void onResume() -> onResume
    void onStop() -> onStop
    boolean onKeyDown(int,android.view.KeyEvent) -> onKeyDown
    void onDestroy() -> onDestroy
ui.story.lemoon.android.AndroidLauncher$1 -> ui.story.lemoon.android.a:
    ui.story.lemoon.android.AndroidLauncher this$0 -> a
    void run() -> run
ui.story.lemoon.android.AndroidLauncher$2 -> ui.story.lemoon.android.b:
    ui.story.lemoon.android.AndroidLauncher this$0 -> a
    void notify(ui.story.lemoon.comunicate.MyMsg) -> a
    ui.story.lemoon.android.AndroidLauncher access$0(ui.story.lemoon.android.AndroidLauncher$2) -> a
ui.story.lemoon.android.AndroidLauncher$2$1 -> ui.story.lemoon.android.c:
    ui.story.lemoon.android.AndroidLauncher$2 this$1 -> a
    void run() -> run
ui.story.lemoon.android.AndroidLauncher$MyReceiver -> ui.story.lemoon.android.d:
    ui.story.lemoon.android.AndroidLauncher this$0 -> a
    void onReceive(android.content.Context,android.content.Intent) -> onReceive
ui.story.lemoon.android.AndroidLauncher$NetworkStatusChangeListener -> ui.story.lemoon.android.e:
    ui.story.lemoon.android.AndroidLauncher this$0 -> a
    void onNetworkInvalid() -> a
    void onNetworkValid() -> b
ui.story.lemoon.android.NetworkStateReceiver -> ui.story.lemoon.android.f:
    ui.story.lemoon.android.NetworkStateReceiver$OnNetworkStateChangedListener changedListener -> c
    boolean firstLoad -> a
    long preTime -> d
    java.lang.String tag -> b
    void onReceive(android.content.Context,android.content.Intent) -> onReceive
    boolean checkNetwork(android.content.Context) -> a
    void setChangedListener(ui.story.lemoon.android.NetworkStateReceiver$OnNetworkStateChangedListener) -> a
ui.story.lemoon.android.NetworkStateReceiver$OnNetworkStateChangedListener -> ui.story.lemoon.android.g:
    void onNetworkInvalid() -> a
    void onNetworkValid() -> b
...
com.badlogic.gdx.scenes.scene2d.InputListener -> com.badlogic.gdx.g.a.h:
    com.badlogic.gdx.math.Vector2 tmpCoords -> a
    boolean handle(com.badlogic.gdx.scenes.scene2d.Event) -> a
    boolean touchDown(com.badlogic.gdx.scenes.scene2d.InputEvent,float,float,int,int) -> a
    void touchUp(com.badlogic.gdx.scenes.scene2d.InputEvent,float,float,int,int) -> b
    void touchDragged(com.badlogic.gdx.scenes.scene2d.InputEvent,float,float,int) -> a
    boolean mouseMoved(com.badlogic.gdx.scenes.scene2d.InputEvent,float,float) -> a
    void enter(com.badlogic.gdx.scenes.scene2d.InputEvent,float,float,int,com.badlogic.gdx.scenes.scene2d.Actor) -> a
    void exit(com.badlogic.gdx.scenes.scene2d.InputEvent,float,float,int,com.badlogic.gdx.scenes.scene2d.Actor) -> b
    boolean scrolled(com.badlogic.gdx.scenes.scene2d.InputEvent,float,float,int) -> b
    boolean keyDown(com.badlogic.gdx.scenes.scene2d.InputEvent,int) -> a
    boolean keyUp(com.badlogic.gdx.scenes.scene2d.InputEvent,int) -> b
    boolean keyTyped(com.badlogic.gdx.scenes.scene2d.InputEvent,char) -> a
com.badlogic.gdx.scenes.scene2d.InputListener$1 -> com.badlogic.gdx.g.a.i:
    int[] $SwitchMap$com$badlogic$gdx$scenes$scene2d$InputEvent$Type -> a
com.badlogic.gdx.scenes.scene2d.Stage -> com.badlogic.gdx.g.a.j:
    boolean debug -> a
    com.badlogic.gdx.utils.viewport.Viewport viewport -> b
    com.badlogic.gdx.graphics.g2d.Batch batch -> c
    boolean ownsBatch -> d
    com.badlogic.gdx.scenes.scene2d.Group root -> e
    com.badlogic.gdx.math.Vector2 tempCoords -> f
    com.badlogic.gdx.scenes.scene2d.Actor[] pointerOverActors -> g
    boolean[] pointerTouched -> h
    int[] pointerScreenX -> i
    int[] pointerScreenY -> j
    int mouseScreenX -> k
    int mouseScreenY -> l
    com.badlogic.gdx.scenes.scene2d.Actor mouseOverActor -> m
    com.badlogic.gdx.scenes.scene2d.Actor keyboardFocus -> n
    com.badlogic.gdx.scenes.scene2d.Actor scrollFocus -> o
    com.badlogic.gdx.utils.SnapshotArray touchFocuses -> p
    boolean actionsRequestRendering -> q
    com.badlogic.gdx.graphics.glutils.ShapeRenderer debugShapes -> r
    boolean debugAll -> s
    boolean debugUnderMouse -> t
    boolean debugParentUnderMouse -> u
    com.badlogic.gdx.scenes.scene2d.ui.Table$Debug debugTableUnderMouse -> v
    com.badlogic.gdx.graphics.Color debugColor -> w
    void draw() -> a
    void drawDebug() -> l
    void disableDebug(com.badlogic.gdx.scenes.scene2d.Actor,com.badlogic.gdx.scenes.scene2d.Actor) -> a
    void act() -> b
    void act(float) -> a
    com.badlogic.gdx.scenes.scene2d.Actor fireEnterAndExit(com.badlogic.gdx.scenes.scene2d.Actor,int,int,int) -> a
    boolean touchDown(int,int,int,int) -> a
com.badlogic.gdx.scenes.scene2d.Stage$TouchFocus -> com.badlogic.gdx.g.a.k:
    com.badlogic.gdx.scenes.scene2d.EventListener listener -> a
    com.badlogic.gdx.scenes.scene2d.Actor listenerActor -> b
    com.badlogic.gdx.scenes.scene2d.Actor target -> c
    int pointer -> d
    int button -> e
    void reset() -> a
com.badlogic.gdx.scenes.scene2d.Touchable -> com.badlogic.gdx.g.a.l:
    com.badlogic.gdx.scenes.scene2d.Touchable enabled -> a
    com.badlogic.gdx.scenes.scene2d.Touchable disabled -> b
    com.badlogic.gdx.scenes.scene2d.Touchable childrenOnly -> c
    com.badlogic.gdx.scenes.scene2d.Touchable[] $VALUES -> d
    com.badlogic.gdx.scenes.scene2d.Touchable[] values() -> values
    com.badlogic.gdx.scenes.scene2d.Touchable valueOf(java.lang.String) -> valueOf